
> frontend@0.1.0 start
> react-scripts start

(node:21206) [DEP_WEBPACK_DEV_SERVER_ON_AFTER_SETUP_MIDDLEWARE] DeprecationWarning: 'onAfterSetupMiddleware' option is deprecated. Please use the 'setupMiddlewares' option.
(Use `node --trace-deprecation ...` to show where the warning was created)
(node:21206) [DEP_WEBPACK_DEV_SERVER_ON_BEFORE_SETUP_MIDDLEWARE] DeprecationWarning: 'onBeforeSetupMiddleware' option is deprecated. Please use the 'setupMiddlewares' option.
Starting the development server...

Compiled with warnings.

[eslint] 
src/landing_page/Navbar.js
  Line 122:6:  React Hook useEffect has a missing dependency: 'checkAuthState'. Either include it or remove the dependency array  react-hooks/exhaustive-deps

src/landing_page/about/AboutPage.js
  Line 4:8:  'Navbar' is defined but never used  no-unused-vars
  Line 5:8:  'Footer' is defined but never used  no-unused-vars

src/landing_page/about/Main.js
  Line 8:21:  img elements must have an alt prop, either with meaningful text, or an empty string for decorative images  jsx-a11y/alt-text

src/landing_page/home/Hero.js
  Line 6:17:  Redundant alt attribute. Screen-readers already announce `img` tags as an image. You don’t need to use the words `image`, `photo,` or `picture` (or any specified custom words) in the alt prop  jsx-a11y/img-redundant-alt

src/landing_page/home/HomePage.js
  Line 3:8:  'Awards' is defined but never used  no-unused-vars
  Line 8:8:  'Navbar' is defined but never used  no-unused-vars
  Line 9:8:  'Footer' is defined but never used  no-unused-vars

src/landing_page/home/Stats.js
  Line 19:21:  img elements must have an alt prop, either with meaningful text, or an empty string for decorative images                                                                                                                                                                                                                                                          jsx-a11y/alt-text
  Line 21:21:  The href attribute requires a valid value to be accessible. Provide a valid, navigable address as the href value. If you cannot provide a valid href, but still need the element to resemble a link, use a button and change it with appropriate styles. Learn more: https://github.com/jsx-eslint/eslint-plugin-jsx-a11y/blob/HEAD/docs/rules/anchor-is-valid.md  jsx-a11y/anchor-is-valid
  Line 22:21:  The href attribute requires a valid value to be accessible. Provide a valid, navigable address as the href value. If you cannot provide a valid href, but still need the element to resemble a link, use a button and change it with appropriate styles. Learn more: https://github.com/jsx-eslint/eslint-plugin-jsx-a11y/blob/HEAD/docs/rules/anchor-is-valid.md  jsx-a11y/anchor-is-valid

src/landing_page/login/Login.js
  Line 14:9:  'navigate' is assigned a value but never used  no-unused-vars

src/landing_page/pricing/Hero.js
  Line 11:21:  img elements must have an alt prop, either with meaningful text, or an empty string for decorative images  jsx-a11y/alt-text
  Line 18:21:  img elements must have an alt prop, either with meaningful text, or an empty string for decorative images  jsx-a11y/alt-text
  Line 25:21:  img elements must have an alt prop, either with meaningful text, or an empty string for decorative images  jsx-a11y/alt-text

src/landing_page/products/Hero.js
  Line 2:10:  'Link' is defined but never used                                                                                                                                                                                                                                                                                                                                   no-unused-vars
  Line 9:59:  The href attribute requires a valid value to be accessible. Provide a valid, navigable address as the href value. If you cannot provide a valid href, but still need the element to resemble a link, use a button and change it with appropriate styles. Learn more: https://github.com/jsx-eslint/eslint-plugin-jsx-a11y/blob/HEAD/docs/rules/anchor-is-valid.md  jsx-a11y/anchor-is-valid

src/landing_page/products/LeftSection.js
  Line 7:25:   img elements must have an alt prop, either with meaningful text, or an empty string for decorative images  jsx-a11y/alt-text
  Line 17:46:  img elements must have an alt prop, either with meaningful text, or an empty string for decorative images  jsx-a11y/alt-text
  Line 18:46:  img elements must have an alt prop, either with meaningful text, or an empty string for decorative images  jsx-a11y/alt-text

src/landing_page/products/ProductPage.js
  Line 7:8:  'Navbar' is defined but never used  no-unused-vars
  Line 8:8:  'Footer' is defined but never used  no-unused-vars

src/landing_page/products/RightSection.js
  Line 19:25:  img elements must have an alt prop, either with meaningful text, or an empty string for decorative images  jsx-a11y/alt-text

src/landing_page/support/SupportPage.js
  Line 5:8:  'Navbar' is defined but never used  no-unused-vars
  Line 6:8:  'Footer' is defined but never used  no-unused-vars

Search for the keywords to learn more about each warning.
To ignore, add // eslint-disable-next-line to the line before.

WARNING in [eslint] 
src/landing_page/Navbar.js
  Line 122:6:  React Hook useEffect has a missing dependency: 'checkAuthState'. Either include it or remove the dependency array  react-hooks/exhaustive-deps

src/landing_page/about/AboutPage.js
  Line 4:8:  'Navbar' is defined but never used  no-unused-vars
  Line 5:8:  'Footer' is defined but never used  no-unused-vars

src/landing_page/about/Main.js
  Line 8:21:  img elements must have an alt prop, either with meaningful text, or an empty string for decorative images  jsx-a11y/alt-text

src/landing_page/home/Hero.js
  Line 6:17:  Redundant alt attribute. Screen-readers already announce `img` tags as an image. You don’t need to use the words `image`, `photo,` or `picture` (or any specified custom words) in the alt prop  jsx-a11y/img-redundant-alt

src/landing_page/home/HomePage.js
  Line 3:8:  'Awards' is defined but never used  no-unused-vars
  Line 8:8:  'Navbar' is defined but never used  no-unused-vars
  Line 9:8:  'Footer' is defined but never used  no-unused-vars

src/landing_page/home/Stats.js
  Line 19:21:  img elements must have an alt prop, either with meaningful text, or an empty string for decorative images                                                                                                                                                                                                                                                          jsx-a11y/alt-text
  Line 21:21:  The href attribute requires a valid value to be accessible. Provide a valid, navigable address as the href value. If you cannot provide a valid href, but still need the element to resemble a link, use a button and change it with appropriate styles. Learn more: https://github.com/jsx-eslint/eslint-plugin-jsx-a11y/blob/HEAD/docs/rules/anchor-is-valid.md  jsx-a11y/anchor-is-valid
  Line 22:21:  The href attribute requires a valid value to be accessible. Provide a valid, navigable address as the href value. If you cannot provide a valid href, but still need the element to resemble a link, use a button and change it with appropriate styles. Learn more: https://github.com/jsx-eslint/eslint-plugin-jsx-a11y/blob/HEAD/docs/rules/anchor-is-valid.md  jsx-a11y/anchor-is-valid

src/landing_page/login/Login.js
  Line 14:9:  'navigate' is assigned a value but never used  no-unused-vars

src/landing_page/pricing/Hero.js
  Line 11:21:  img elements must have an alt prop, either with meaningful text, or an empty string for decorative images  jsx-a11y/alt-text
  Line 18:21:  img elements must have an alt prop, either with meaningful text, or an empty string for decorative images  jsx-a11y/alt-text
  Line 25:21:  img elements must have an alt prop, either with meaningful text, or an empty string for decorative images  jsx-a11y/alt-text

src/landing_page/products/Hero.js
  Line 2:10:  'Link' is defined but never used                                                                                                                                                                                                                                                                                                                                   no-unused-vars
  Line 9:59:  The href attribute requires a valid value to be accessible. Provide a valid, navigable address as the href value. If you cannot provide a valid href, but still need the element to resemble a link, use a button and change it with appropriate styles. Learn more: https://github.com/jsx-eslint/eslint-plugin-jsx-a11y/blob/HEAD/docs/rules/anchor-is-valid.md  jsx-a11y/anchor-is-valid

src/landing_page/products/LeftSection.js
  Line 7:25:   img elements must have an alt prop, either with meaningful text, or an empty string for decorative images  jsx-a11y/alt-text
  Line 17:46:  img elements must have an alt prop, either with meaningful text, or an empty string for decorative images  jsx-a11y/alt-text
  Line 18:46:  img elements must have an alt prop, either with meaningful text, or an empty string for decorative images  jsx-a11y/alt-text

src/landing_page/products/ProductPage.js
  Line 7:8:  'Navbar' is defined but never used  no-unused-vars
  Line 8:8:  'Footer' is defined but never used  no-unused-vars

src/landing_page/products/RightSection.js
  Line 19:25:  img elements must have an alt prop, either with meaningful text, or an empty string for decorative images  jsx-a11y/alt-text

src/landing_page/support/SupportPage.js
  Line 5:8:  'Navbar' is defined but never used  no-unused-vars
  Line 6:8:  'Footer' is defined but never used  no-unused-vars

webpack compiled with 1 warning
Compiling...
Compiled with warnings.

[eslint] 
src/landing_page/Navbar.js
  Line 122:6:  React Hook useEffect has a missing dependency: 'checkAuthState'. Either include it or remove the dependency array  react-hooks/exhaustive-deps

src/landing_page/about/AboutPage.js
  Line 4:8:  'Navbar' is defined but never used  no-unused-vars
  Line 5:8:  'Footer' is defined but never used  no-unused-vars

src/landing_page/about/Main.js
  Line 8:21:  img elements must have an alt prop, either with meaningful text, or an empty string for decorative images  jsx-a11y/alt-text

src/landing_page/home/Hero.js
  Line 6:17:  Redundant alt attribute. Screen-readers already announce `img` tags as an image. You don’t need to use the words `image`, `photo,` or `picture` (or any specified custom words) in the alt prop  jsx-a11y/img-redundant-alt

src/landing_page/home/HomePage.js
  Line 3:8:  'Awards' is defined but never used  no-unused-vars
  Line 8:8:  'Navbar' is defined but never used  no-unused-vars
  Line 9:8:  'Footer' is defined but never used  no-unused-vars

src/landing_page/home/Stats.js
  Line 19:21:  img elements must have an alt prop, either with meaningful text, or an empty string for decorative images                                                                                                                                                                                                                                                          jsx-a11y/alt-text
  Line 21:21:  The href attribute requires a valid value to be accessible. Provide a valid, navigable address as the href value. If you cannot provide a valid href, but still need the element to resemble a link, use a button and change it with appropriate styles. Learn more: https://github.com/jsx-eslint/eslint-plugin-jsx-a11y/blob/HEAD/docs/rules/anchor-is-valid.md  jsx-a11y/anchor-is-valid
  Line 22:21:  The href attribute requires a valid value to be accessible. Provide a valid, navigable address as the href value. If you cannot provide a valid href, but still need the element to resemble a link, use a button and change it with appropriate styles. Learn more: https://github.com/jsx-eslint/eslint-plugin-jsx-a11y/blob/HEAD/docs/rules/anchor-is-valid.md  jsx-a11y/anchor-is-valid

src/landing_page/login/Login.js
  Line 14:9:  'navigate' is assigned a value but never used  no-unused-vars

src/landing_page/pricing/Hero.js
  Line 11:21:  img elements must have an alt prop, either with meaningful text, or an empty string for decorative images  jsx-a11y/alt-text
  Line 18:21:  img elements must have an alt prop, either with meaningful text, or an empty string for decorative images  jsx-a11y/alt-text
  Line 25:21:  img elements must have an alt prop, either with meaningful text, or an empty string for decorative images  jsx-a11y/alt-text

src/landing_page/products/Hero.js
  Line 2:10:  'Link' is defined but never used                                                                                                                                                                                                                                                                                                                                   no-unused-vars
  Line 9:59:  The href attribute requires a valid value to be accessible. Provide a valid, navigable address as the href value. If you cannot provide a valid href, but still need the element to resemble a link, use a button and change it with appropriate styles. Learn more: https://github.com/jsx-eslint/eslint-plugin-jsx-a11y/blob/HEAD/docs/rules/anchor-is-valid.md  jsx-a11y/anchor-is-valid

src/landing_page/products/LeftSection.js
  Line 7:25:   img elements must have an alt prop, either with meaningful text, or an empty string for decorative images  jsx-a11y/alt-text
  Line 17:46:  img elements must have an alt prop, either with meaningful text, or an empty string for decorative images  jsx-a11y/alt-text
  Line 18:46:  img elements must have an alt prop, either with meaningful text, or an empty string for decorative images  jsx-a11y/alt-text

src/landing_page/products/ProductPage.js
  Line 7:8:  'Navbar' is defined but never used  no-unused-vars
  Line 8:8:  'Footer' is defined but never used  no-unused-vars

src/landing_page/products/RightSection.js
  Line 19:25:  img elements must have an alt prop, either with meaningful text, or an empty string for decorative images  jsx-a11y/alt-text

src/landing_page/support/SupportPage.js
  Line 5:8:  'Navbar' is defined but never used  no-unused-vars
  Line 6:8:  'Footer' is defined but never used  no-unused-vars

Search for the keywords to learn more about each warning.
To ignore, add // eslint-disable-next-line to the line before.

WARNING in [eslint] 
src/landing_page/Navbar.js
  Line 122:6:  React Hook useEffect has a missing dependency: 'checkAuthState'. Either include it or remove the dependency array  react-hooks/exhaustive-deps

src/landing_page/about/AboutPage.js
  Line 4:8:  'Navbar' is defined but never used  no-unused-vars
  Line 5:8:  'Footer' is defined but never used  no-unused-vars

src/landing_page/about/Main.js
  Line 8:21:  img elements must have an alt prop, either with meaningful text, or an empty string for decorative images  jsx-a11y/alt-text

src/landing_page/home/Hero.js
  Line 6:17:  Redundant alt attribute. Screen-readers already announce `img` tags as an image. You don’t need to use the words `image`, `photo,` or `picture` (or any specified custom words) in the alt prop  jsx-a11y/img-redundant-alt

src/landing_page/home/HomePage.js
  Line 3:8:  'Awards' is defined but never used  no-unused-vars
  Line 8:8:  'Navbar' is defined but never used  no-unused-vars
  Line 9:8:  'Footer' is defined but never used  no-unused-vars

src/landing_page/home/Stats.js
  Line 19:21:  img elements must have an alt prop, either with meaningful text, or an empty string for decorative images                                                                                                                                                                                                                                                          jsx-a11y/alt-text
  Line 21:21:  The href attribute requires a valid value to be accessible. Provide a valid, navigable address as the href value. If you cannot provide a valid href, but still need the element to resemble a link, use a button and change it with appropriate styles. Learn more: https://github.com/jsx-eslint/eslint-plugin-jsx-a11y/blob/HEAD/docs/rules/anchor-is-valid.md  jsx-a11y/anchor-is-valid
  Line 22:21:  The href attribute requires a valid value to be accessible. Provide a valid, navigable address as the href value. If you cannot provide a valid href, but still need the element to resemble a link, use a button and change it with appropriate styles. Learn more: https://github.com/jsx-eslint/eslint-plugin-jsx-a11y/blob/HEAD/docs/rules/anchor-is-valid.md  jsx-a11y/anchor-is-valid

src/landing_page/login/Login.js
  Line 14:9:  'navigate' is assigned a value but never used  no-unused-vars

src/landing_page/pricing/Hero.js
  Line 11:21:  img elements must have an alt prop, either with meaningful text, or an empty string for decorative images  jsx-a11y/alt-text
  Line 18:21:  img elements must have an alt prop, either with meaningful text, or an empty string for decorative images  jsx-a11y/alt-text
  Line 25:21:  img elements must have an alt prop, either with meaningful text, or an empty string for decorative images  jsx-a11y/alt-text

src/landing_page/products/Hero.js
  Line 2:10:  'Link' is defined but never used                                                                                                                                                                                                                                                                                                                                   no-unused-vars
  Line 9:59:  The href attribute requires a valid value to be accessible. Provide a valid, navigable address as the href value. If you cannot provide a valid href, but still need the element to resemble a link, use a button and change it with appropriate styles. Learn more: https://github.com/jsx-eslint/eslint-plugin-jsx-a11y/blob/HEAD/docs/rules/anchor-is-valid.md  jsx-a11y/anchor-is-valid

src/landing_page/products/LeftSection.js
  Line 7:25:   img elements must have an alt prop, either with meaningful text, or an empty string for decorative images  jsx-a11y/alt-text
  Line 17:46:  img elements must have an alt prop, either with meaningful text, or an empty string for decorative images  jsx-a11y/alt-text
  Line 18:46:  img elements must have an alt prop, either with meaningful text, or an empty string for decorative images  jsx-a11y/alt-text

src/landing_page/products/ProductPage.js
  Line 7:8:  'Navbar' is defined but never used  no-unused-vars
  Line 8:8:  'Footer' is defined but never used  no-unused-vars

src/landing_page/products/RightSection.js
  Line 19:25:  img elements must have an alt prop, either with meaningful text, or an empty string for decorative images  jsx-a11y/alt-text

src/landing_page/support/SupportPage.js
  Line 5:8:  'Navbar' is defined but never used  no-unused-vars
  Line 6:8:  'Footer' is defined but never used  no-unused-vars

webpack compiled with 1 warning
Compiling...
Compiled with warnings.

[eslint] 
src/landing_page/Navbar.js
  Line 122:6:  React Hook useEffect has a missing dependency: 'checkAuthState'. Either include it or remove the dependency array  react-hooks/exhaustive-deps

src/landing_page/about/AboutPage.js
  Line 4:8:  'Navbar' is defined but never used  no-unused-vars
  Line 5:8:  'Footer' is defined but never used  no-unused-vars

src/landing_page/about/Main.js
  Line 8:21:  img elements must have an alt prop, either with meaningful text, or an empty string for decorative images  jsx-a11y/alt-text

src/landing_page/home/Hero.js
  Line 6:17:  Redundant alt attribute. Screen-readers already announce `img` tags as an image. You don’t need to use the words `image`, `photo,` or `picture` (or any specified custom words) in the alt prop  jsx-a11y/img-redundant-alt

src/landing_page/home/HomePage.js
  Line 3:8:  'Awards' is defined but never used  no-unused-vars
  Line 8:8:  'Navbar' is defined but never used  no-unused-vars
  Line 9:8:  'Footer' is defined but never used  no-unused-vars

src/landing_page/home/Stats.js
  Line 19:21:  img elements must have an alt prop, either with meaningful text, or an empty string for decorative images                                                                                                                                                                                                                                                          jsx-a11y/alt-text
  Line 21:21:  The href attribute requires a valid value to be accessible. Provide a valid, navigable address as the href value. If you cannot provide a valid href, but still need the element to resemble a link, use a button and change it with appropriate styles. Learn more: https://github.com/jsx-eslint/eslint-plugin-jsx-a11y/blob/HEAD/docs/rules/anchor-is-valid.md  jsx-a11y/anchor-is-valid
  Line 22:21:  The href attribute requires a valid value to be accessible. Provide a valid, navigable address as the href value. If you cannot provide a valid href, but still need the element to resemble a link, use a button and change it with appropriate styles. Learn more: https://github.com/jsx-eslint/eslint-plugin-jsx-a11y/blob/HEAD/docs/rules/anchor-is-valid.md  jsx-a11y/anchor-is-valid

src/landing_page/login/Login.js
  Line 14:9:  'navigate' is assigned a value but never used  no-unused-vars

src/landing_page/pricing/Hero.js
  Line 11:21:  img elements must have an alt prop, either with meaningful text, or an empty string for decorative images  jsx-a11y/alt-text
  Line 18:21:  img elements must have an alt prop, either with meaningful text, or an empty string for decorative images  jsx-a11y/alt-text
  Line 25:21:  img elements must have an alt prop, either with meaningful text, or an empty string for decorative images  jsx-a11y/alt-text

src/landing_page/products/Hero.js
  Line 2:10:  'Link' is defined but never used                                                                                                                                                                                                                                                                                                                                   no-unused-vars
  Line 9:59:  The href attribute requires a valid value to be accessible. Provide a valid, navigable address as the href value. If you cannot provide a valid href, but still need the element to resemble a link, use a button and change it with appropriate styles. Learn more: https://github.com/jsx-eslint/eslint-plugin-jsx-a11y/blob/HEAD/docs/rules/anchor-is-valid.md  jsx-a11y/anchor-is-valid

src/landing_page/products/LeftSection.js
  Line 7:25:   img elements must have an alt prop, either with meaningful text, or an empty string for decorative images  jsx-a11y/alt-text
  Line 17:46:  img elements must have an alt prop, either with meaningful text, or an empty string for decorative images  jsx-a11y/alt-text
  Line 18:46:  img elements must have an alt prop, either with meaningful text, or an empty string for decorative images  jsx-a11y/alt-text

src/landing_page/products/ProductPage.js
  Line 7:8:  'Navbar' is defined but never used  no-unused-vars
  Line 8:8:  'Footer' is defined but never used  no-unused-vars

src/landing_page/products/RightSection.js
  Line 19:25:  img elements must have an alt prop, either with meaningful text, or an empty string for decorative images  jsx-a11y/alt-text

src/landing_page/support/SupportPage.js
  Line 5:8:  'Navbar' is defined but never used  no-unused-vars
  Line 6:8:  'Footer' is defined but never used  no-unused-vars

Search for the keywords to learn more about each warning.
To ignore, add // eslint-disable-next-line to the line before.

WARNING in [eslint] 
src/landing_page/Navbar.js
  Line 122:6:  React Hook useEffect has a missing dependency: 'checkAuthState'. Either include it or remove the dependency array  react-hooks/exhaustive-deps

src/landing_page/about/AboutPage.js
  Line 4:8:  'Navbar' is defined but never used  no-unused-vars
  Line 5:8:  'Footer' is defined but never used  no-unused-vars

src/landing_page/about/Main.js
  Line 8:21:  img elements must have an alt prop, either with meaningful text, or an empty string for decorative images  jsx-a11y/alt-text

src/landing_page/home/Hero.js
  Line 6:17:  Redundant alt attribute. Screen-readers already announce `img` tags as an image. You don’t need to use the words `image`, `photo,` or `picture` (or any specified custom words) in the alt prop  jsx-a11y/img-redundant-alt

src/landing_page/home/HomePage.js
  Line 3:8:  'Awards' is defined but never used  no-unused-vars
  Line 8:8:  'Navbar' is defined but never used  no-unused-vars
  Line 9:8:  'Footer' is defined but never used  no-unused-vars

src/landing_page/home/Stats.js
  Line 19:21:  img elements must have an alt prop, either with meaningful text, or an empty string for decorative images                                                                                                                                                                                                                                                          jsx-a11y/alt-text
  Line 21:21:  The href attribute requires a valid value to be accessible. Provide a valid, navigable address as the href value. If you cannot provide a valid href, but still need the element to resemble a link, use a button and change it with appropriate styles. Learn more: https://github.com/jsx-eslint/eslint-plugin-jsx-a11y/blob/HEAD/docs/rules/anchor-is-valid.md  jsx-a11y/anchor-is-valid
  Line 22:21:  The href attribute requires a valid value to be accessible. Provide a valid, navigable address as the href value. If you cannot provide a valid href, but still need the element to resemble a link, use a button and change it with appropriate styles. Learn more: https://github.com/jsx-eslint/eslint-plugin-jsx-a11y/blob/HEAD/docs/rules/anchor-is-valid.md  jsx-a11y/anchor-is-valid

src/landing_page/login/Login.js
  Line 14:9:  'navigate' is assigned a value but never used  no-unused-vars

src/landing_page/pricing/Hero.js
  Line 11:21:  img elements must have an alt prop, either with meaningful text, or an empty string for decorative images  jsx-a11y/alt-text
  Line 18:21:  img elements must have an alt prop, either with meaningful text, or an empty string for decorative images  jsx-a11y/alt-text
  Line 25:21:  img elements must have an alt prop, either with meaningful text, or an empty string for decorative images  jsx-a11y/alt-text

src/landing_page/products/Hero.js
  Line 2:10:  'Link' is defined but never used                                                                                                                                                                                                                                                                                                                                   no-unused-vars
  Line 9:59:  The href attribute requires a valid value to be accessible. Provide a valid, navigable address as the href value. If you cannot provide a valid href, but still need the element to resemble a link, use a button and change it with appropriate styles. Learn more: https://github.com/jsx-eslint/eslint-plugin-jsx-a11y/blob/HEAD/docs/rules/anchor-is-valid.md  jsx-a11y/anchor-is-valid

src/landing_page/products/LeftSection.js
  Line 7:25:   img elements must have an alt prop, either with meaningful text, or an empty string for decorative images  jsx-a11y/alt-text
  Line 17:46:  img elements must have an alt prop, either with meaningful text, or an empty string for decorative images  jsx-a11y/alt-text
  Line 18:46:  img elements must have an alt prop, either with meaningful text, or an empty string for decorative images  jsx-a11y/alt-text

src/landing_page/products/ProductPage.js
  Line 7:8:  'Navbar' is defined but never used  no-unused-vars
  Line 8:8:  'Footer' is defined but never used  no-unused-vars

src/landing_page/products/RightSection.js
  Line 19:25:  img elements must have an alt prop, either with meaningful text, or an empty string for decorative images  jsx-a11y/alt-text

src/landing_page/support/SupportPage.js
  Line 5:8:  'Navbar' is defined but never used  no-unused-vars
  Line 6:8:  'Footer' is defined but never used  no-unused-vars

webpack compiled with 1 warning
Compiling...
Compiled with warnings.

[eslint] 
src/landing_page/Navbar.js
  Line 122:6:  React Hook useEffect has a missing dependency: 'checkAuthState'. Either include it or remove the dependency array  react-hooks/exhaustive-deps

src/landing_page/about/AboutPage.js
  Line 4:8:  'Navbar' is defined but never used  no-unused-vars
  Line 5:8:  'Footer' is defined but never used  no-unused-vars

src/landing_page/about/Main.js
  Line 8:21:  img elements must have an alt prop, either with meaningful text, or an empty string for decorative images  jsx-a11y/alt-text

src/landing_page/home/Hero.js
  Line 6:17:  Redundant alt attribute. Screen-readers already announce `img` tags as an image. You don’t need to use the words `image`, `photo,` or `picture` (or any specified custom words) in the alt prop  jsx-a11y/img-redundant-alt

src/landing_page/home/HomePage.js
  Line 3:8:  'Awards' is defined but never used  no-unused-vars
  Line 8:8:  'Navbar' is defined but never used  no-unused-vars
  Line 9:8:  'Footer' is defined but never used  no-unused-vars

src/landing_page/home/Stats.js
  Line 19:21:  img elements must have an alt prop, either with meaningful text, or an empty string for decorative images                                                                                                                                                                                                                                                          jsx-a11y/alt-text
  Line 21:21:  The href attribute requires a valid value to be accessible. Provide a valid, navigable address as the href value. If you cannot provide a valid href, but still need the element to resemble a link, use a button and change it with appropriate styles. Learn more: https://github.com/jsx-eslint/eslint-plugin-jsx-a11y/blob/HEAD/docs/rules/anchor-is-valid.md  jsx-a11y/anchor-is-valid
  Line 22:21:  The href attribute requires a valid value to be accessible. Provide a valid, navigable address as the href value. If you cannot provide a valid href, but still need the element to resemble a link, use a button and change it with appropriate styles. Learn more: https://github.com/jsx-eslint/eslint-plugin-jsx-a11y/blob/HEAD/docs/rules/anchor-is-valid.md  jsx-a11y/anchor-is-valid

src/landing_page/login/Login.js
  Line 14:9:  'navigate' is assigned a value but never used  no-unused-vars

src/landing_page/pricing/Hero.js
  Line 11:21:  img elements must have an alt prop, either with meaningful text, or an empty string for decorative images  jsx-a11y/alt-text
  Line 18:21:  img elements must have an alt prop, either with meaningful text, or an empty string for decorative images  jsx-a11y/alt-text
  Line 25:21:  img elements must have an alt prop, either with meaningful text, or an empty string for decorative images  jsx-a11y/alt-text

src/landing_page/products/Hero.js
  Line 2:10:  'Link' is defined but never used                                                                                                                                                                                                                                                                                                                                   no-unused-vars
  Line 9:59:  The href attribute requires a valid value to be accessible. Provide a valid, navigable address as the href value. If you cannot provide a valid href, but still need the element to resemble a link, use a button and change it with appropriate styles. Learn more: https://github.com/jsx-eslint/eslint-plugin-jsx-a11y/blob/HEAD/docs/rules/anchor-is-valid.md  jsx-a11y/anchor-is-valid

src/landing_page/products/LeftSection.js
  Line 7:25:   img elements must have an alt prop, either with meaningful text, or an empty string for decorative images  jsx-a11y/alt-text
  Line 17:46:  img elements must have an alt prop, either with meaningful text, or an empty string for decorative images  jsx-a11y/alt-text
  Line 18:46:  img elements must have an alt prop, either with meaningful text, or an empty string for decorative images  jsx-a11y/alt-text

src/landing_page/products/ProductPage.js
  Line 7:8:  'Navbar' is defined but never used  no-unused-vars
  Line 8:8:  'Footer' is defined but never used  no-unused-vars

src/landing_page/products/RightSection.js
  Line 19:25:  img elements must have an alt prop, either with meaningful text, or an empty string for decorative images  jsx-a11y/alt-text

src/landing_page/support/SupportPage.js
  Line 5:8:  'Navbar' is defined but never used  no-unused-vars
  Line 6:8:  'Footer' is defined but never used  no-unused-vars

Search for the keywords to learn more about each warning.
To ignore, add // eslint-disable-next-line to the line before.

WARNING in [eslint] 
src/landing_page/Navbar.js
  Line 122:6:  React Hook useEffect has a missing dependency: 'checkAuthState'. Either include it or remove the dependency array  react-hooks/exhaustive-deps

src/landing_page/about/AboutPage.js
  Line 4:8:  'Navbar' is defined but never used  no-unused-vars
  Line 5:8:  'Footer' is defined but never used  no-unused-vars

src/landing_page/about/Main.js
  Line 8:21:  img elements must have an alt prop, either with meaningful text, or an empty string for decorative images  jsx-a11y/alt-text

src/landing_page/home/Hero.js
  Line 6:17:  Redundant alt attribute. Screen-readers already announce `img` tags as an image. You don’t need to use the words `image`, `photo,` or `picture` (or any specified custom words) in the alt prop  jsx-a11y/img-redundant-alt

src/landing_page/home/HomePage.js
  Line 3:8:  'Awards' is defined but never used  no-unused-vars
  Line 8:8:  'Navbar' is defined but never used  no-unused-vars
  Line 9:8:  'Footer' is defined but never used  no-unused-vars

src/landing_page/home/Stats.js
  Line 19:21:  img elements must have an alt prop, either with meaningful text, or an empty string for decorative images                                                                                                                                                                                                                                                          jsx-a11y/alt-text
  Line 21:21:  The href attribute requires a valid value to be accessible. Provide a valid, navigable address as the href value. If you cannot provide a valid href, but still need the element to resemble a link, use a button and change it with appropriate styles. Learn more: https://github.com/jsx-eslint/eslint-plugin-jsx-a11y/blob/HEAD/docs/rules/anchor-is-valid.md  jsx-a11y/anchor-is-valid
  Line 22:21:  The href attribute requires a valid value to be accessible. Provide a valid, navigable address as the href value. If you cannot provide a valid href, but still need the element to resemble a link, use a button and change it with appropriate styles. Learn more: https://github.com/jsx-eslint/eslint-plugin-jsx-a11y/blob/HEAD/docs/rules/anchor-is-valid.md  jsx-a11y/anchor-is-valid

src/landing_page/login/Login.js
  Line 14:9:  'navigate' is assigned a value but never used  no-unused-vars

src/landing_page/pricing/Hero.js
  Line 11:21:  img elements must have an alt prop, either with meaningful text, or an empty string for decorative images  jsx-a11y/alt-text
  Line 18:21:  img elements must have an alt prop, either with meaningful text, or an empty string for decorative images  jsx-a11y/alt-text
  Line 25:21:  img elements must have an alt prop, either with meaningful text, or an empty string for decorative images  jsx-a11y/alt-text

src/landing_page/products/Hero.js
  Line 2:10:  'Link' is defined but never used                                                                                                                                                                                                                                                                                                                                   no-unused-vars
  Line 9:59:  The href attribute requires a valid value to be accessible. Provide a valid, navigable address as the href value. If you cannot provide a valid href, but still need the element to resemble a link, use a button and change it with appropriate styles. Learn more: https://github.com/jsx-eslint/eslint-plugin-jsx-a11y/blob/HEAD/docs/rules/anchor-is-valid.md  jsx-a11y/anchor-is-valid

src/landing_page/products/LeftSection.js
  Line 7:25:   img elements must have an alt prop, either with meaningful text, or an empty string for decorative images  jsx-a11y/alt-text
  Line 17:46:  img elements must have an alt prop, either with meaningful text, or an empty string for decorative images  jsx-a11y/alt-text
  Line 18:46:  img elements must have an alt prop, either with meaningful text, or an empty string for decorative images  jsx-a11y/alt-text

src/landing_page/products/ProductPage.js
  Line 7:8:  'Navbar' is defined but never used  no-unused-vars
  Line 8:8:  'Footer' is defined but never used  no-unused-vars

src/landing_page/products/RightSection.js
  Line 19:25:  img elements must have an alt prop, either with meaningful text, or an empty string for decorative images  jsx-a11y/alt-text

src/landing_page/support/SupportPage.js
  Line 5:8:  'Navbar' is defined but never used  no-unused-vars
  Line 6:8:  'Footer' is defined but never used  no-unused-vars

webpack compiled with 1 warning
Compiling...
Compiled with warnings.

[eslint] 
src/landing_page/Navbar.js
  Line 122:6:  React Hook useEffect has a missing dependency: 'checkAuthState'. Either include it or remove the dependency array  react-hooks/exhaustive-deps

src/landing_page/about/AboutPage.js
  Line 4:8:  'Navbar' is defined but never used  no-unused-vars
  Line 5:8:  'Footer' is defined but never used  no-unused-vars

src/landing_page/about/Main.js
  Line 8:21:  img elements must have an alt prop, either with meaningful text, or an empty string for decorative images  jsx-a11y/alt-text

src/landing_page/home/Hero.js
  Line 6:17:  Redundant alt attribute. Screen-readers already announce `img` tags as an image. You don’t need to use the words `image`, `photo,` or `picture` (or any specified custom words) in the alt prop  jsx-a11y/img-redundant-alt

src/landing_page/home/HomePage.js
  Line 3:8:  'Awards' is defined but never used  no-unused-vars
  Line 8:8:  'Navbar' is defined but never used  no-unused-vars
  Line 9:8:  'Footer' is defined but never used  no-unused-vars

src/landing_page/home/Stats.js
  Line 19:21:  img elements must have an alt prop, either with meaningful text, or an empty string for decorative images                                                                                                                                                                                                                                                          jsx-a11y/alt-text
  Line 21:21:  The href attribute requires a valid value to be accessible. Provide a valid, navigable address as the href value. If you cannot provide a valid href, but still need the element to resemble a link, use a button and change it with appropriate styles. Learn more: https://github.com/jsx-eslint/eslint-plugin-jsx-a11y/blob/HEAD/docs/rules/anchor-is-valid.md  jsx-a11y/anchor-is-valid
  Line 22:21:  The href attribute requires a valid value to be accessible. Provide a valid, navigable address as the href value. If you cannot provide a valid href, but still need the element to resemble a link, use a button and change it with appropriate styles. Learn more: https://github.com/jsx-eslint/eslint-plugin-jsx-a11y/blob/HEAD/docs/rules/anchor-is-valid.md  jsx-a11y/anchor-is-valid

src/landing_page/login/Login.js
  Line 14:9:  'navigate' is assigned a value but never used  no-unused-vars

src/landing_page/pricing/Hero.js
  Line 11:21:  img elements must have an alt prop, either with meaningful text, or an empty string for decorative images  jsx-a11y/alt-text
  Line 18:21:  img elements must have an alt prop, either with meaningful text, or an empty string for decorative images  jsx-a11y/alt-text
  Line 25:21:  img elements must have an alt prop, either with meaningful text, or an empty string for decorative images  jsx-a11y/alt-text

src/landing_page/products/Hero.js
  Line 2:10:  'Link' is defined but never used                                                                                                                                                                                                                                                                                                                                   no-unused-vars
  Line 9:59:  The href attribute requires a valid value to be accessible. Provide a valid, navigable address as the href value. If you cannot provide a valid href, but still need the element to resemble a link, use a button and change it with appropriate styles. Learn more: https://github.com/jsx-eslint/eslint-plugin-jsx-a11y/blob/HEAD/docs/rules/anchor-is-valid.md  jsx-a11y/anchor-is-valid

src/landing_page/products/LeftSection.js
  Line 7:25:   img elements must have an alt prop, either with meaningful text, or an empty string for decorative images  jsx-a11y/alt-text
  Line 17:46:  img elements must have an alt prop, either with meaningful text, or an empty string for decorative images  jsx-a11y/alt-text
  Line 18:46:  img elements must have an alt prop, either with meaningful text, or an empty string for decorative images  jsx-a11y/alt-text

src/landing_page/products/ProductPage.js
  Line 7:8:  'Navbar' is defined but never used  no-unused-vars
  Line 8:8:  'Footer' is defined but never used  no-unused-vars

src/landing_page/products/RightSection.js
  Line 19:25:  img elements must have an alt prop, either with meaningful text, or an empty string for decorative images  jsx-a11y/alt-text

src/landing_page/support/SupportPage.js
  Line 5:8:  'Navbar' is defined but never used  no-unused-vars
  Line 6:8:  'Footer' is defined but never used  no-unused-vars

Search for the keywords to learn more about each warning.
To ignore, add // eslint-disable-next-line to the line before.

WARNING in [eslint] 
src/landing_page/Navbar.js
  Line 122:6:  React Hook useEffect has a missing dependency: 'checkAuthState'. Either include it or remove the dependency array  react-hooks/exhaustive-deps

src/landing_page/about/AboutPage.js
  Line 4:8:  'Navbar' is defined but never used  no-unused-vars
  Line 5:8:  'Footer' is defined but never used  no-unused-vars

src/landing_page/about/Main.js
  Line 8:21:  img elements must have an alt prop, either with meaningful text, or an empty string for decorative images  jsx-a11y/alt-text

src/landing_page/home/Hero.js
  Line 6:17:  Redundant alt attribute. Screen-readers already announce `img` tags as an image. You don’t need to use the words `image`, `photo,` or `picture` (or any specified custom words) in the alt prop  jsx-a11y/img-redundant-alt

src/landing_page/home/HomePage.js
  Line 3:8:  'Awards' is defined but never used  no-unused-vars
  Line 8:8:  'Navbar' is defined but never used  no-unused-vars
  Line 9:8:  'Footer' is defined but never used  no-unused-vars

src/landing_page/home/Stats.js
  Line 19:21:  img elements must have an alt prop, either with meaningful text, or an empty string for decorative images                                                                                                                                                                                                                                                          jsx-a11y/alt-text
  Line 21:21:  The href attribute requires a valid value to be accessible. Provide a valid, navigable address as the href value. If you cannot provide a valid href, but still need the element to resemble a link, use a button and change it with appropriate styles. Learn more: https://github.com/jsx-eslint/eslint-plugin-jsx-a11y/blob/HEAD/docs/rules/anchor-is-valid.md  jsx-a11y/anchor-is-valid
  Line 22:21:  The href attribute requires a valid value to be accessible. Provide a valid, navigable address as the href value. If you cannot provide a valid href, but still need the element to resemble a link, use a button and change it with appropriate styles. Learn more: https://github.com/jsx-eslint/eslint-plugin-jsx-a11y/blob/HEAD/docs/rules/anchor-is-valid.md  jsx-a11y/anchor-is-valid

src/landing_page/login/Login.js
  Line 14:9:  'navigate' is assigned a value but never used  no-unused-vars

src/landing_page/pricing/Hero.js
  Line 11:21:  img elements must have an alt prop, either with meaningful text, or an empty string for decorative images  jsx-a11y/alt-text
  Line 18:21:  img elements must have an alt prop, either with meaningful text, or an empty string for decorative images  jsx-a11y/alt-text
  Line 25:21:  img elements must have an alt prop, either with meaningful text, or an empty string for decorative images  jsx-a11y/alt-text

src/landing_page/products/Hero.js
  Line 2:10:  'Link' is defined but never used                                                                                                                                                                                                                                                                                                                                   no-unused-vars
  Line 9:59:  The href attribute requires a valid value to be accessible. Provide a valid, navigable address as the href value. If you cannot provide a valid href, but still need the element to resemble a link, use a button and change it with appropriate styles. Learn more: https://github.com/jsx-eslint/eslint-plugin-jsx-a11y/blob/HEAD/docs/rules/anchor-is-valid.md  jsx-a11y/anchor-is-valid

src/landing_page/products/LeftSection.js
  Line 7:25:   img elements must have an alt prop, either with meaningful text, or an empty string for decorative images  jsx-a11y/alt-text
  Line 17:46:  img elements must have an alt prop, either with meaningful text, or an empty string for decorative images  jsx-a11y/alt-text
  Line 18:46:  img elements must have an alt prop, either with meaningful text, or an empty string for decorative images  jsx-a11y/alt-text

src/landing_page/products/ProductPage.js
  Line 7:8:  'Navbar' is defined but never used  no-unused-vars
  Line 8:8:  'Footer' is defined but never used  no-unused-vars

src/landing_page/products/RightSection.js
  Line 19:25:  img elements must have an alt prop, either with meaningful text, or an empty string for decorative images  jsx-a11y/alt-text

src/landing_page/support/SupportPage.js
  Line 5:8:  'Navbar' is defined but never used  no-unused-vars
  Line 6:8:  'Footer' is defined but never used  no-unused-vars

webpack compiled with 1 warning
Compiling...
Compiled with warnings.

[eslint] 
src/landing_page/Navbar.js
  Line 122:6:  React Hook useEffect has a missing dependency: 'checkAuthState'. Either include it or remove the dependency array  react-hooks/exhaustive-deps

src/landing_page/about/AboutPage.js
  Line 4:8:  'Navbar' is defined but never used  no-unused-vars
  Line 5:8:  'Footer' is defined but never used  no-unused-vars

src/landing_page/about/Main.js
  Line 8:21:  img elements must have an alt prop, either with meaningful text, or an empty string for decorative images  jsx-a11y/alt-text

src/landing_page/home/Hero.js
  Line 6:17:  Redundant alt attribute. Screen-readers already announce `img` tags as an image. You don’t need to use the words `image`, `photo,` or `picture` (or any specified custom words) in the alt prop  jsx-a11y/img-redundant-alt

src/landing_page/home/HomePage.js
  Line 3:8:  'Awards' is defined but never used  no-unused-vars
  Line 8:8:  'Navbar' is defined but never used  no-unused-vars
  Line 9:8:  'Footer' is defined but never used  no-unused-vars

src/landing_page/home/Stats.js
  Line 19:21:  img elements must have an alt prop, either with meaningful text, or an empty string for decorative images                                                                                                                                                                                                                                                          jsx-a11y/alt-text
  Line 21:21:  The href attribute requires a valid value to be accessible. Provide a valid, navigable address as the href value. If you cannot provide a valid href, but still need the element to resemble a link, use a button and change it with appropriate styles. Learn more: https://github.com/jsx-eslint/eslint-plugin-jsx-a11y/blob/HEAD/docs/rules/anchor-is-valid.md  jsx-a11y/anchor-is-valid
  Line 22:21:  The href attribute requires a valid value to be accessible. Provide a valid, navigable address as the href value. If you cannot provide a valid href, but still need the element to resemble a link, use a button and change it with appropriate styles. Learn more: https://github.com/jsx-eslint/eslint-plugin-jsx-a11y/blob/HEAD/docs/rules/anchor-is-valid.md  jsx-a11y/anchor-is-valid

src/landing_page/login/Login.js
  Line 14:9:  'navigate' is assigned a value but never used  no-unused-vars

src/landing_page/pricing/Hero.js
  Line 11:21:  img elements must have an alt prop, either with meaningful text, or an empty string for decorative images  jsx-a11y/alt-text
  Line 18:21:  img elements must have an alt prop, either with meaningful text, or an empty string for decorative images  jsx-a11y/alt-text
  Line 25:21:  img elements must have an alt prop, either with meaningful text, or an empty string for decorative images  jsx-a11y/alt-text

src/landing_page/products/Hero.js
  Line 2:10:  'Link' is defined but never used                                                                                                                                                                                                                                                                                                                                   no-unused-vars
  Line 9:59:  The href attribute requires a valid value to be accessible. Provide a valid, navigable address as the href value. If you cannot provide a valid href, but still need the element to resemble a link, use a button and change it with appropriate styles. Learn more: https://github.com/jsx-eslint/eslint-plugin-jsx-a11y/blob/HEAD/docs/rules/anchor-is-valid.md  jsx-a11y/anchor-is-valid

src/landing_page/products/LeftSection.js
  Line 7:25:   img elements must have an alt prop, either with meaningful text, or an empty string for decorative images  jsx-a11y/alt-text
  Line 17:46:  img elements must have an alt prop, either with meaningful text, or an empty string for decorative images  jsx-a11y/alt-text
  Line 18:46:  img elements must have an alt prop, either with meaningful text, or an empty string for decorative images  jsx-a11y/alt-text

src/landing_page/products/ProductPage.js
  Line 7:8:  'Navbar' is defined but never used  no-unused-vars
  Line 8:8:  'Footer' is defined but never used  no-unused-vars

src/landing_page/products/RightSection.js
  Line 19:25:  img elements must have an alt prop, either with meaningful text, or an empty string for decorative images  jsx-a11y/alt-text

src/landing_page/support/SupportPage.js
  Line 5:8:  'Navbar' is defined but never used  no-unused-vars
  Line 6:8:  'Footer' is defined but never used  no-unused-vars

Search for the keywords to learn more about each warning.
To ignore, add // eslint-disable-next-line to the line before.

WARNING in [eslint] 
src/landing_page/Navbar.js
  Line 122:6:  React Hook useEffect has a missing dependency: 'checkAuthState'. Either include it or remove the dependency array  react-hooks/exhaustive-deps

src/landing_page/about/AboutPage.js
  Line 4:8:  'Navbar' is defined but never used  no-unused-vars
  Line 5:8:  'Footer' is defined but never used  no-unused-vars

src/landing_page/about/Main.js
  Line 8:21:  img elements must have an alt prop, either with meaningful text, or an empty string for decorative images  jsx-a11y/alt-text

src/landing_page/home/Hero.js
  Line 6:17:  Redundant alt attribute. Screen-readers already announce `img` tags as an image. You don’t need to use the words `image`, `photo,` or `picture` (or any specified custom words) in the alt prop  jsx-a11y/img-redundant-alt

src/landing_page/home/HomePage.js
  Line 3:8:  'Awards' is defined but never used  no-unused-vars
  Line 8:8:  'Navbar' is defined but never used  no-unused-vars
  Line 9:8:  'Footer' is defined but never used  no-unused-vars

src/landing_page/home/Stats.js
  Line 19:21:  img elements must have an alt prop, either with meaningful text, or an empty string for decorative images                                                                                                                                                                                                                                                          jsx-a11y/alt-text
  Line 21:21:  The href attribute requires a valid value to be accessible. Provide a valid, navigable address as the href value. If you cannot provide a valid href, but still need the element to resemble a link, use a button and change it with appropriate styles. Learn more: https://github.com/jsx-eslint/eslint-plugin-jsx-a11y/blob/HEAD/docs/rules/anchor-is-valid.md  jsx-a11y/anchor-is-valid
  Line 22:21:  The href attribute requires a valid value to be accessible. Provide a valid, navigable address as the href value. If you cannot provide a valid href, but still need the element to resemble a link, use a button and change it with appropriate styles. Learn more: https://github.com/jsx-eslint/eslint-plugin-jsx-a11y/blob/HEAD/docs/rules/anchor-is-valid.md  jsx-a11y/anchor-is-valid

src/landing_page/login/Login.js
  Line 14:9:  'navigate' is assigned a value but never used  no-unused-vars

src/landing_page/pricing/Hero.js
  Line 11:21:  img elements must have an alt prop, either with meaningful text, or an empty string for decorative images  jsx-a11y/alt-text
  Line 18:21:  img elements must have an alt prop, either with meaningful text, or an empty string for decorative images  jsx-a11y/alt-text
  Line 25:21:  img elements must have an alt prop, either with meaningful text, or an empty string for decorative images  jsx-a11y/alt-text

src/landing_page/products/Hero.js
  Line 2:10:  'Link' is defined but never used                                                                                                                                                                                                                                                                                                                                   no-unused-vars
  Line 9:59:  The href attribute requires a valid value to be accessible. Provide a valid, navigable address as the href value. If you cannot provide a valid href, but still need the element to resemble a link, use a button and change it with appropriate styles. Learn more: https://github.com/jsx-eslint/eslint-plugin-jsx-a11y/blob/HEAD/docs/rules/anchor-is-valid.md  jsx-a11y/anchor-is-valid

src/landing_page/products/LeftSection.js
  Line 7:25:   img elements must have an alt prop, either with meaningful text, or an empty string for decorative images  jsx-a11y/alt-text
  Line 17:46:  img elements must have an alt prop, either with meaningful text, or an empty string for decorative images  jsx-a11y/alt-text
  Line 18:46:  img elements must have an alt prop, either with meaningful text, or an empty string for decorative images  jsx-a11y/alt-text

src/landing_page/products/ProductPage.js
  Line 7:8:  'Navbar' is defined but never used  no-unused-vars
  Line 8:8:  'Footer' is defined but never used  no-unused-vars

src/landing_page/products/RightSection.js
  Line 19:25:  img elements must have an alt prop, either with meaningful text, or an empty string for decorative images  jsx-a11y/alt-text

src/landing_page/support/SupportPage.js
  Line 5:8:  'Navbar' is defined but never used  no-unused-vars
  Line 6:8:  'Footer' is defined but never used  no-unused-vars

webpack compiled with 1 warning
Compiling...
Compiled with warnings.

[eslint] 
src/landing_page/Navbar.js
  Line 122:6:  React Hook useEffect has a missing dependency: 'checkAuthState'. Either include it or remove the dependency array  react-hooks/exhaustive-deps

src/landing_page/about/AboutPage.js
  Line 4:8:  'Navbar' is defined but never used  no-unused-vars
  Line 5:8:  'Footer' is defined but never used  no-unused-vars

src/landing_page/about/Main.js
  Line 8:21:  img elements must have an alt prop, either with meaningful text, or an empty string for decorative images  jsx-a11y/alt-text

src/landing_page/home/Hero.js
  Line 6:17:  Redundant alt attribute. Screen-readers already announce `img` tags as an image. You don’t need to use the words `image`, `photo,` or `picture` (or any specified custom words) in the alt prop  jsx-a11y/img-redundant-alt

src/landing_page/home/HomePage.js
  Line 3:8:  'Awards' is defined but never used  no-unused-vars
  Line 8:8:  'Navbar' is defined but never used  no-unused-vars
  Line 9:8:  'Footer' is defined but never used  no-unused-vars

src/landing_page/home/Stats.js
  Line 19:21:  img elements must have an alt prop, either with meaningful text, or an empty string for decorative images                                                                                                                                                                                                                                                          jsx-a11y/alt-text
  Line 21:21:  The href attribute requires a valid value to be accessible. Provide a valid, navigable address as the href value. If you cannot provide a valid href, but still need the element to resemble a link, use a button and change it with appropriate styles. Learn more: https://github.com/jsx-eslint/eslint-plugin-jsx-a11y/blob/HEAD/docs/rules/anchor-is-valid.md  jsx-a11y/anchor-is-valid
  Line 22:21:  The href attribute requires a valid value to be accessible. Provide a valid, navigable address as the href value. If you cannot provide a valid href, but still need the element to resemble a link, use a button and change it with appropriate styles. Learn more: https://github.com/jsx-eslint/eslint-plugin-jsx-a11y/blob/HEAD/docs/rules/anchor-is-valid.md  jsx-a11y/anchor-is-valid

src/landing_page/login/Login.js
  Line 14:9:  'navigate' is assigned a value but never used  no-unused-vars

src/landing_page/pricing/Hero.js
  Line 11:21:  img elements must have an alt prop, either with meaningful text, or an empty string for decorative images  jsx-a11y/alt-text
  Line 18:21:  img elements must have an alt prop, either with meaningful text, or an empty string for decorative images  jsx-a11y/alt-text
  Line 25:21:  img elements must have an alt prop, either with meaningful text, or an empty string for decorative images  jsx-a11y/alt-text

src/landing_page/products/Hero.js
  Line 2:10:  'Link' is defined but never used                                                                                                                                                                                                                                                                                                                                   no-unused-vars
  Line 9:59:  The href attribute requires a valid value to be accessible. Provide a valid, navigable address as the href value. If you cannot provide a valid href, but still need the element to resemble a link, use a button and change it with appropriate styles. Learn more: https://github.com/jsx-eslint/eslint-plugin-jsx-a11y/blob/HEAD/docs/rules/anchor-is-valid.md  jsx-a11y/anchor-is-valid

src/landing_page/products/LeftSection.js
  Line 7:25:   img elements must have an alt prop, either with meaningful text, or an empty string for decorative images  jsx-a11y/alt-text
  Line 17:46:  img elements must have an alt prop, either with meaningful text, or an empty string for decorative images  jsx-a11y/alt-text
  Line 18:46:  img elements must have an alt prop, either with meaningful text, or an empty string for decorative images  jsx-a11y/alt-text

src/landing_page/products/ProductPage.js
  Line 7:8:  'Navbar' is defined but never used  no-unused-vars
  Line 8:8:  'Footer' is defined but never used  no-unused-vars

src/landing_page/products/RightSection.js
  Line 19:25:  img elements must have an alt prop, either with meaningful text, or an empty string for decorative images  jsx-a11y/alt-text

src/landing_page/support/SupportPage.js
  Line 5:8:  'Navbar' is defined but never used  no-unused-vars
  Line 6:8:  'Footer' is defined but never used  no-unused-vars

Search for the keywords to learn more about each warning.
To ignore, add // eslint-disable-next-line to the line before.

WARNING in [eslint] 
src/landing_page/Navbar.js
  Line 122:6:  React Hook useEffect has a missing dependency: 'checkAuthState'. Either include it or remove the dependency array  react-hooks/exhaustive-deps

src/landing_page/about/AboutPage.js
  Line 4:8:  'Navbar' is defined but never used  no-unused-vars
  Line 5:8:  'Footer' is defined but never used  no-unused-vars

src/landing_page/about/Main.js
  Line 8:21:  img elements must have an alt prop, either with meaningful text, or an empty string for decorative images  jsx-a11y/alt-text

src/landing_page/home/Hero.js
  Line 6:17:  Redundant alt attribute. Screen-readers already announce `img` tags as an image. You don’t need to use the words `image`, `photo,` or `picture` (or any specified custom words) in the alt prop  jsx-a11y/img-redundant-alt

src/landing_page/home/HomePage.js
  Line 3:8:  'Awards' is defined but never used  no-unused-vars
  Line 8:8:  'Navbar' is defined but never used  no-unused-vars
  Line 9:8:  'Footer' is defined but never used  no-unused-vars

src/landing_page/home/Stats.js
  Line 19:21:  img elements must have an alt prop, either with meaningful text, or an empty string for decorative images                                                                                                                                                                                                                                                          jsx-a11y/alt-text
  Line 21:21:  The href attribute requires a valid value to be accessible. Provide a valid, navigable address as the href value. If you cannot provide a valid href, but still need the element to resemble a link, use a button and change it with appropriate styles. Learn more: https://github.com/jsx-eslint/eslint-plugin-jsx-a11y/blob/HEAD/docs/rules/anchor-is-valid.md  jsx-a11y/anchor-is-valid
  Line 22:21:  The href attribute requires a valid value to be accessible. Provide a valid, navigable address as the href value. If you cannot provide a valid href, but still need the element to resemble a link, use a button and change it with appropriate styles. Learn more: https://github.com/jsx-eslint/eslint-plugin-jsx-a11y/blob/HEAD/docs/rules/anchor-is-valid.md  jsx-a11y/anchor-is-valid

src/landing_page/login/Login.js
  Line 14:9:  'navigate' is assigned a value but never used  no-unused-vars

src/landing_page/pricing/Hero.js
  Line 11:21:  img elements must have an alt prop, either with meaningful text, or an empty string for decorative images  jsx-a11y/alt-text
  Line 18:21:  img elements must have an alt prop, either with meaningful text, or an empty string for decorative images  jsx-a11y/alt-text
  Line 25:21:  img elements must have an alt prop, either with meaningful text, or an empty string for decorative images  jsx-a11y/alt-text

src/landing_page/products/Hero.js
  Line 2:10:  'Link' is defined but never used                                                                                                                                                                                                                                                                                                                                   no-unused-vars
  Line 9:59:  The href attribute requires a valid value to be accessible. Provide a valid, navigable address as the href value. If you cannot provide a valid href, but still need the element to resemble a link, use a button and change it with appropriate styles. Learn more: https://github.com/jsx-eslint/eslint-plugin-jsx-a11y/blob/HEAD/docs/rules/anchor-is-valid.md  jsx-a11y/anchor-is-valid

src/landing_page/products/LeftSection.js
  Line 7:25:   img elements must have an alt prop, either with meaningful text, or an empty string for decorative images  jsx-a11y/alt-text
  Line 17:46:  img elements must have an alt prop, either with meaningful text, or an empty string for decorative images  jsx-a11y/alt-text
  Line 18:46:  img elements must have an alt prop, either with meaningful text, or an empty string for decorative images  jsx-a11y/alt-text

src/landing_page/products/ProductPage.js
  Line 7:8:  'Navbar' is defined but never used  no-unused-vars
  Line 8:8:  'Footer' is defined but never used  no-unused-vars

src/landing_page/products/RightSection.js
  Line 19:25:  img elements must have an alt prop, either with meaningful text, or an empty string for decorative images  jsx-a11y/alt-text

src/landing_page/support/SupportPage.js
  Line 5:8:  'Navbar' is defined but never used  no-unused-vars
  Line 6:8:  'Footer' is defined but never used  no-unused-vars

webpack compiled with 1 warning
Compiling...
Compiled with warnings.

[eslint] 
src/landing_page/Navbar.js
  Line 95:6:  React Hook useEffect has a missing dependency: 'checkAuthState'. Either include it or remove the dependency array  react-hooks/exhaustive-deps

src/landing_page/about/AboutPage.js
  Line 4:8:  'Navbar' is defined but never used  no-unused-vars
  Line 5:8:  'Footer' is defined but never used  no-unused-vars

src/landing_page/about/Main.js
  Line 8:21:  img elements must have an alt prop, either with meaningful text, or an empty string for decorative images  jsx-a11y/alt-text

src/landing_page/home/Hero.js
  Line 6:17:  Redundant alt attribute. Screen-readers already announce `img` tags as an image. You don’t need to use the words `image`, `photo,` or `picture` (or any specified custom words) in the alt prop  jsx-a11y/img-redundant-alt

src/landing_page/home/HomePage.js
  Line 3:8:  'Awards' is defined but never used  no-unused-vars
  Line 8:8:  'Navbar' is defined but never used  no-unused-vars
  Line 9:8:  'Footer' is defined but never used  no-unused-vars

src/landing_page/home/Stats.js
  Line 19:21:  img elements must have an alt prop, either with meaningful text, or an empty string for decorative images                                                                                                                                                                                                                                                          jsx-a11y/alt-text
  Line 21:21:  The href attribute requires a valid value to be accessible. Provide a valid, navigable address as the href value. If you cannot provide a valid href, but still need the element to resemble a link, use a button and change it with appropriate styles. Learn more: https://github.com/jsx-eslint/eslint-plugin-jsx-a11y/blob/HEAD/docs/rules/anchor-is-valid.md  jsx-a11y/anchor-is-valid
  Line 22:21:  The href attribute requires a valid value to be accessible. Provide a valid, navigable address as the href value. If you cannot provide a valid href, but still need the element to resemble a link, use a button and change it with appropriate styles. Learn more: https://github.com/jsx-eslint/eslint-plugin-jsx-a11y/blob/HEAD/docs/rules/anchor-is-valid.md  jsx-a11y/anchor-is-valid

src/landing_page/login/Login.js
  Line 14:9:  'navigate' is assigned a value but never used  no-unused-vars

src/landing_page/pricing/Hero.js
  Line 11:21:  img elements must have an alt prop, either with meaningful text, or an empty string for decorative images  jsx-a11y/alt-text
  Line 18:21:  img elements must have an alt prop, either with meaningful text, or an empty string for decorative images  jsx-a11y/alt-text
  Line 25:21:  img elements must have an alt prop, either with meaningful text, or an empty string for decorative images  jsx-a11y/alt-text

src/landing_page/products/Hero.js
  Line 2:10:  'Link' is defined but never used                                                                                                                                                                                                                                                                                                                                   no-unused-vars
  Line 9:59:  The href attribute requires a valid value to be accessible. Provide a valid, navigable address as the href value. If you cannot provide a valid href, but still need the element to resemble a link, use a button and change it with appropriate styles. Learn more: https://github.com/jsx-eslint/eslint-plugin-jsx-a11y/blob/HEAD/docs/rules/anchor-is-valid.md  jsx-a11y/anchor-is-valid

src/landing_page/products/LeftSection.js
  Line 7:25:   img elements must have an alt prop, either with meaningful text, or an empty string for decorative images  jsx-a11y/alt-text
  Line 17:46:  img elements must have an alt prop, either with meaningful text, or an empty string for decorative images  jsx-a11y/alt-text
  Line 18:46:  img elements must have an alt prop, either with meaningful text, or an empty string for decorative images  jsx-a11y/alt-text

src/landing_page/products/ProductPage.js
  Line 7:8:  'Navbar' is defined but never used  no-unused-vars
  Line 8:8:  'Footer' is defined but never used  no-unused-vars

src/landing_page/products/RightSection.js
  Line 19:25:  img elements must have an alt prop, either with meaningful text, or an empty string for decorative images  jsx-a11y/alt-text

src/landing_page/support/SupportPage.js
  Line 5:8:  'Navbar' is defined but never used  no-unused-vars
  Line 6:8:  'Footer' is defined but never used  no-unused-vars

Search for the keywords to learn more about each warning.
To ignore, add // eslint-disable-next-line to the line before.

WARNING in [eslint] 
src/landing_page/Navbar.js
  Line 95:6:  React Hook useEffect has a missing dependency: 'checkAuthState'. Either include it or remove the dependency array  react-hooks/exhaustive-deps

src/landing_page/about/AboutPage.js
  Line 4:8:  'Navbar' is defined but never used  no-unused-vars
  Line 5:8:  'Footer' is defined but never used  no-unused-vars

src/landing_page/about/Main.js
  Line 8:21:  img elements must have an alt prop, either with meaningful text, or an empty string for decorative images  jsx-a11y/alt-text

src/landing_page/home/Hero.js
  Line 6:17:  Redundant alt attribute. Screen-readers already announce `img` tags as an image. You don’t need to use the words `image`, `photo,` or `picture` (or any specified custom words) in the alt prop  jsx-a11y/img-redundant-alt

src/landing_page/home/HomePage.js
  Line 3:8:  'Awards' is defined but never used  no-unused-vars
  Line 8:8:  'Navbar' is defined but never used  no-unused-vars
  Line 9:8:  'Footer' is defined but never used  no-unused-vars

src/landing_page/home/Stats.js
  Line 19:21:  img elements must have an alt prop, either with meaningful text, or an empty string for decorative images                                                                                                                                                                                                                                                          jsx-a11y/alt-text
  Line 21:21:  The href attribute requires a valid value to be accessible. Provide a valid, navigable address as the href value. If you cannot provide a valid href, but still need the element to resemble a link, use a button and change it with appropriate styles. Learn more: https://github.com/jsx-eslint/eslint-plugin-jsx-a11y/blob/HEAD/docs/rules/anchor-is-valid.md  jsx-a11y/anchor-is-valid
  Line 22:21:  The href attribute requires a valid value to be accessible. Provide a valid, navigable address as the href value. If you cannot provide a valid href, but still need the element to resemble a link, use a button and change it with appropriate styles. Learn more: https://github.com/jsx-eslint/eslint-plugin-jsx-a11y/blob/HEAD/docs/rules/anchor-is-valid.md  jsx-a11y/anchor-is-valid

src/landing_page/login/Login.js
  Line 14:9:  'navigate' is assigned a value but never used  no-unused-vars

src/landing_page/pricing/Hero.js
  Line 11:21:  img elements must have an alt prop, either with meaningful text, or an empty string for decorative images  jsx-a11y/alt-text
  Line 18:21:  img elements must have an alt prop, either with meaningful text, or an empty string for decorative images  jsx-a11y/alt-text
  Line 25:21:  img elements must have an alt prop, either with meaningful text, or an empty string for decorative images  jsx-a11y/alt-text

src/landing_page/products/Hero.js
  Line 2:10:  'Link' is defined but never used                                                                                                                                                                                                                                                                                                                                   no-unused-vars
  Line 9:59:  The href attribute requires a valid value to be accessible. Provide a valid, navigable address as the href value. If you cannot provide a valid href, but still need the element to resemble a link, use a button and change it with appropriate styles. Learn more: https://github.com/jsx-eslint/eslint-plugin-jsx-a11y/blob/HEAD/docs/rules/anchor-is-valid.md  jsx-a11y/anchor-is-valid

src/landing_page/products/LeftSection.js
  Line 7:25:   img elements must have an alt prop, either with meaningful text, or an empty string for decorative images  jsx-a11y/alt-text
  Line 17:46:  img elements must have an alt prop, either with meaningful text, or an empty string for decorative images  jsx-a11y/alt-text
  Line 18:46:  img elements must have an alt prop, either with meaningful text, or an empty string for decorative images  jsx-a11y/alt-text

src/landing_page/products/ProductPage.js
  Line 7:8:  'Navbar' is defined but never used  no-unused-vars
  Line 8:8:  'Footer' is defined but never used  no-unused-vars

src/landing_page/products/RightSection.js
  Line 19:25:  img elements must have an alt prop, either with meaningful text, or an empty string for decorative images  jsx-a11y/alt-text

src/landing_page/support/SupportPage.js
  Line 5:8:  'Navbar' is defined but never used  no-unused-vars
  Line 6:8:  'Footer' is defined but never used  no-unused-vars

webpack compiled with 1 warning
Compiling...
Compiled with warnings.

[eslint] 
src/landing_page/Navbar.js
  Line 95:6:  React Hook useEffect has a missing dependency: 'checkAuthState'. Either include it or remove the dependency array  react-hooks/exhaustive-deps

src/landing_page/about/AboutPage.js
  Line 4:8:  'Navbar' is defined but never used  no-unused-vars
  Line 5:8:  'Footer' is defined but never used  no-unused-vars

src/landing_page/about/Main.js
  Line 8:21:  img elements must have an alt prop, either with meaningful text, or an empty string for decorative images  jsx-a11y/alt-text

src/landing_page/home/Hero.js
  Line 6:17:  Redundant alt attribute. Screen-readers already announce `img` tags as an image. You don’t need to use the words `image`, `photo,` or `picture` (or any specified custom words) in the alt prop  jsx-a11y/img-redundant-alt

src/landing_page/home/HomePage.js
  Line 3:8:  'Awards' is defined but never used  no-unused-vars
  Line 8:8:  'Navbar' is defined but never used  no-unused-vars
  Line 9:8:  'Footer' is defined but never used  no-unused-vars

src/landing_page/home/Stats.js
  Line 19:21:  img elements must have an alt prop, either with meaningful text, or an empty string for decorative images                                                                                                                                                                                                                                                          jsx-a11y/alt-text
  Line 21:21:  The href attribute requires a valid value to be accessible. Provide a valid, navigable address as the href value. If you cannot provide a valid href, but still need the element to resemble a link, use a button and change it with appropriate styles. Learn more: https://github.com/jsx-eslint/eslint-plugin-jsx-a11y/blob/HEAD/docs/rules/anchor-is-valid.md  jsx-a11y/anchor-is-valid
  Line 22:21:  The href attribute requires a valid value to be accessible. Provide a valid, navigable address as the href value. If you cannot provide a valid href, but still need the element to resemble a link, use a button and change it with appropriate styles. Learn more: https://github.com/jsx-eslint/eslint-plugin-jsx-a11y/blob/HEAD/docs/rules/anchor-is-valid.md  jsx-a11y/anchor-is-valid

src/landing_page/login/Login.js
  Line 14:9:  'navigate' is assigned a value but never used  no-unused-vars

src/landing_page/pricing/Hero.js
  Line 11:21:  img elements must have an alt prop, either with meaningful text, or an empty string for decorative images  jsx-a11y/alt-text
  Line 18:21:  img elements must have an alt prop, either with meaningful text, or an empty string for decorative images  jsx-a11y/alt-text
  Line 25:21:  img elements must have an alt prop, either with meaningful text, or an empty string for decorative images  jsx-a11y/alt-text

src/landing_page/products/Hero.js
  Line 2:10:  'Link' is defined but never used                                                                                                                                                                                                                                                                                                                                   no-unused-vars
  Line 9:59:  The href attribute requires a valid value to be accessible. Provide a valid, navigable address as the href value. If you cannot provide a valid href, but still need the element to resemble a link, use a button and change it with appropriate styles. Learn more: https://github.com/jsx-eslint/eslint-plugin-jsx-a11y/blob/HEAD/docs/rules/anchor-is-valid.md  jsx-a11y/anchor-is-valid

src/landing_page/products/LeftSection.js
  Line 7:25:   img elements must have an alt prop, either with meaningful text, or an empty string for decorative images  jsx-a11y/alt-text
  Line 17:46:  img elements must have an alt prop, either with meaningful text, or an empty string for decorative images  jsx-a11y/alt-text
  Line 18:46:  img elements must have an alt prop, either with meaningful text, or an empty string for decorative images  jsx-a11y/alt-text

src/landing_page/products/ProductPage.js
  Line 7:8:  'Navbar' is defined but never used  no-unused-vars
  Line 8:8:  'Footer' is defined but never used  no-unused-vars

src/landing_page/products/RightSection.js
  Line 19:25:  img elements must have an alt prop, either with meaningful text, or an empty string for decorative images  jsx-a11y/alt-text

src/landing_page/support/SupportPage.js
  Line 5:8:  'Navbar' is defined but never used  no-unused-vars
  Line 6:8:  'Footer' is defined but never used  no-unused-vars

Search for the keywords to learn more about each warning.
To ignore, add // eslint-disable-next-line to the line before.

WARNING in [eslint] 
src/landing_page/Navbar.js
  Line 95:6:  React Hook useEffect has a missing dependency: 'checkAuthState'. Either include it or remove the dependency array  react-hooks/exhaustive-deps

src/landing_page/about/AboutPage.js
  Line 4:8:  'Navbar' is defined but never used  no-unused-vars
  Line 5:8:  'Footer' is defined but never used  no-unused-vars

src/landing_page/about/Main.js
  Line 8:21:  img elements must have an alt prop, either with meaningful text, or an empty string for decorative images  jsx-a11y/alt-text

src/landing_page/home/Hero.js
  Line 6:17:  Redundant alt attribute. Screen-readers already announce `img` tags as an image. You don’t need to use the words `image`, `photo,` or `picture` (or any specified custom words) in the alt prop  jsx-a11y/img-redundant-alt

src/landing_page/home/HomePage.js
  Line 3:8:  'Awards' is defined but never used  no-unused-vars
  Line 8:8:  'Navbar' is defined but never used  no-unused-vars
  Line 9:8:  'Footer' is defined but never used  no-unused-vars

src/landing_page/home/Stats.js
  Line 19:21:  img elements must have an alt prop, either with meaningful text, or an empty string for decorative images                                                                                                                                                                                                                                                          jsx-a11y/alt-text
  Line 21:21:  The href attribute requires a valid value to be accessible. Provide a valid, navigable address as the href value. If you cannot provide a valid href, but still need the element to resemble a link, use a button and change it with appropriate styles. Learn more: https://github.com/jsx-eslint/eslint-plugin-jsx-a11y/blob/HEAD/docs/rules/anchor-is-valid.md  jsx-a11y/anchor-is-valid
  Line 22:21:  The href attribute requires a valid value to be accessible. Provide a valid, navigable address as the href value. If you cannot provide a valid href, but still need the element to resemble a link, use a button and change it with appropriate styles. Learn more: https://github.com/jsx-eslint/eslint-plugin-jsx-a11y/blob/HEAD/docs/rules/anchor-is-valid.md  jsx-a11y/anchor-is-valid

src/landing_page/login/Login.js
  Line 14:9:  'navigate' is assigned a value but never used  no-unused-vars

src/landing_page/pricing/Hero.js
  Line 11:21:  img elements must have an alt prop, either with meaningful text, or an empty string for decorative images  jsx-a11y/alt-text
  Line 18:21:  img elements must have an alt prop, either with meaningful text, or an empty string for decorative images  jsx-a11y/alt-text
  Line 25:21:  img elements must have an alt prop, either with meaningful text, or an empty string for decorative images  jsx-a11y/alt-text

src/landing_page/products/Hero.js
  Line 2:10:  'Link' is defined but never used                                                                                                                                                                                                                                                                                                                                   no-unused-vars
  Line 9:59:  The href attribute requires a valid value to be accessible. Provide a valid, navigable address as the href value. If you cannot provide a valid href, but still need the element to resemble a link, use a button and change it with appropriate styles. Learn more: https://github.com/jsx-eslint/eslint-plugin-jsx-a11y/blob/HEAD/docs/rules/anchor-is-valid.md  jsx-a11y/anchor-is-valid

src/landing_page/products/LeftSection.js
  Line 7:25:   img elements must have an alt prop, either with meaningful text, or an empty string for decorative images  jsx-a11y/alt-text
  Line 17:46:  img elements must have an alt prop, either with meaningful text, or an empty string for decorative images  jsx-a11y/alt-text
  Line 18:46:  img elements must have an alt prop, either with meaningful text, or an empty string for decorative images  jsx-a11y/alt-text

src/landing_page/products/ProductPage.js
  Line 7:8:  'Navbar' is defined but never used  no-unused-vars
  Line 8:8:  'Footer' is defined but never used  no-unused-vars

src/landing_page/products/RightSection.js
  Line 19:25:  img elements must have an alt prop, either with meaningful text, or an empty string for decorative images  jsx-a11y/alt-text

src/landing_page/support/SupportPage.js
  Line 5:8:  'Navbar' is defined but never used  no-unused-vars
  Line 6:8:  'Footer' is defined but never used  no-unused-vars

webpack compiled with 1 warning
Compiling...
Compiled with warnings.

[eslint] 
src/landing_page/Navbar.js
  Line 95:6:  React Hook useEffect has a missing dependency: 'checkAuthState'. Either include it or remove the dependency array  react-hooks/exhaustive-deps

src/landing_page/about/AboutPage.js
  Line 4:8:  'Navbar' is defined but never used  no-unused-vars
  Line 5:8:  'Footer' is defined but never used  no-unused-vars

src/landing_page/about/Main.js
  Line 8:21:  img elements must have an alt prop, either with meaningful text, or an empty string for decorative images  jsx-a11y/alt-text

src/landing_page/home/Hero.js
  Line 6:17:  Redundant alt attribute. Screen-readers already announce `img` tags as an image. You don’t need to use the words `image`, `photo,` or `picture` (or any specified custom words) in the alt prop  jsx-a11y/img-redundant-alt

src/landing_page/home/HomePage.js
  Line 3:8:  'Awards' is defined but never used  no-unused-vars
  Line 8:8:  'Navbar' is defined but never used  no-unused-vars
  Line 9:8:  'Footer' is defined but never used  no-unused-vars

src/landing_page/home/Stats.js
  Line 19:21:  img elements must have an alt prop, either with meaningful text, or an empty string for decorative images                                                                                                                                                                                                                                                          jsx-a11y/alt-text
  Line 21:21:  The href attribute requires a valid value to be accessible. Provide a valid, navigable address as the href value. If you cannot provide a valid href, but still need the element to resemble a link, use a button and change it with appropriate styles. Learn more: https://github.com/jsx-eslint/eslint-plugin-jsx-a11y/blob/HEAD/docs/rules/anchor-is-valid.md  jsx-a11y/anchor-is-valid
  Line 22:21:  The href attribute requires a valid value to be accessible. Provide a valid, navigable address as the href value. If you cannot provide a valid href, but still need the element to resemble a link, use a button and change it with appropriate styles. Learn more: https://github.com/jsx-eslint/eslint-plugin-jsx-a11y/blob/HEAD/docs/rules/anchor-is-valid.md  jsx-a11y/anchor-is-valid

src/landing_page/login/Login.js
  Line 14:9:  'navigate' is assigned a value but never used  no-unused-vars

src/landing_page/pricing/Hero.js
  Line 11:21:  img elements must have an alt prop, either with meaningful text, or an empty string for decorative images  jsx-a11y/alt-text
  Line 18:21:  img elements must have an alt prop, either with meaningful text, or an empty string for decorative images  jsx-a11y/alt-text
  Line 25:21:  img elements must have an alt prop, either with meaningful text, or an empty string for decorative images  jsx-a11y/alt-text

src/landing_page/products/Hero.js
  Line 2:10:  'Link' is defined but never used                                                                                                                                                                                                                                                                                                                                   no-unused-vars
  Line 9:59:  The href attribute requires a valid value to be accessible. Provide a valid, navigable address as the href value. If you cannot provide a valid href, but still need the element to resemble a link, use a button and change it with appropriate styles. Learn more: https://github.com/jsx-eslint/eslint-plugin-jsx-a11y/blob/HEAD/docs/rules/anchor-is-valid.md  jsx-a11y/anchor-is-valid

src/landing_page/products/LeftSection.js
  Line 7:25:   img elements must have an alt prop, either with meaningful text, or an empty string for decorative images  jsx-a11y/alt-text
  Line 17:46:  img elements must have an alt prop, either with meaningful text, or an empty string for decorative images  jsx-a11y/alt-text
  Line 18:46:  img elements must have an alt prop, either with meaningful text, or an empty string for decorative images  jsx-a11y/alt-text

src/landing_page/products/ProductPage.js
  Line 7:8:  'Navbar' is defined but never used  no-unused-vars
  Line 8:8:  'Footer' is defined but never used  no-unused-vars

src/landing_page/products/RightSection.js
  Line 19:25:  img elements must have an alt prop, either with meaningful text, or an empty string for decorative images  jsx-a11y/alt-text

src/landing_page/support/SupportPage.js
  Line 5:8:  'Navbar' is defined but never used  no-unused-vars
  Line 6:8:  'Footer' is defined but never used  no-unused-vars

Search for the keywords to learn more about each warning.
To ignore, add // eslint-disable-next-line to the line before.

WARNING in [eslint] 
src/landing_page/Navbar.js
  Line 95:6:  React Hook useEffect has a missing dependency: 'checkAuthState'. Either include it or remove the dependency array  react-hooks/exhaustive-deps

src/landing_page/about/AboutPage.js
  Line 4:8:  'Navbar' is defined but never used  no-unused-vars
  Line 5:8:  'Footer' is defined but never used  no-unused-vars

src/landing_page/about/Main.js
  Line 8:21:  img elements must have an alt prop, either with meaningful text, or an empty string for decorative images  jsx-a11y/alt-text

src/landing_page/home/Hero.js
  Line 6:17:  Redundant alt attribute. Screen-readers already announce `img` tags as an image. You don’t need to use the words `image`, `photo,` or `picture` (or any specified custom words) in the alt prop  jsx-a11y/img-redundant-alt

src/landing_page/home/HomePage.js
  Line 3:8:  'Awards' is defined but never used  no-unused-vars
  Line 8:8:  'Navbar' is defined but never used  no-unused-vars
  Line 9:8:  'Footer' is defined but never used  no-unused-vars

src/landing_page/home/Stats.js
  Line 19:21:  img elements must have an alt prop, either with meaningful text, or an empty string for decorative images                                                                                                                                                                                                                                                          jsx-a11y/alt-text
  Line 21:21:  The href attribute requires a valid value to be accessible. Provide a valid, navigable address as the href value. If you cannot provide a valid href, but still need the element to resemble a link, use a button and change it with appropriate styles. Learn more: https://github.com/jsx-eslint/eslint-plugin-jsx-a11y/blob/HEAD/docs/rules/anchor-is-valid.md  jsx-a11y/anchor-is-valid
  Line 22:21:  The href attribute requires a valid value to be accessible. Provide a valid, navigable address as the href value. If you cannot provide a valid href, but still need the element to resemble a link, use a button and change it with appropriate styles. Learn more: https://github.com/jsx-eslint/eslint-plugin-jsx-a11y/blob/HEAD/docs/rules/anchor-is-valid.md  jsx-a11y/anchor-is-valid

src/landing_page/login/Login.js
  Line 14:9:  'navigate' is assigned a value but never used  no-unused-vars

src/landing_page/pricing/Hero.js
  Line 11:21:  img elements must have an alt prop, either with meaningful text, or an empty string for decorative images  jsx-a11y/alt-text
  Line 18:21:  img elements must have an alt prop, either with meaningful text, or an empty string for decorative images  jsx-a11y/alt-text
  Line 25:21:  img elements must have an alt prop, either with meaningful text, or an empty string for decorative images  jsx-a11y/alt-text

src/landing_page/products/Hero.js
  Line 2:10:  'Link' is defined but never used                                                                                                                                                                                                                                                                                                                                   no-unused-vars
  Line 9:59:  The href attribute requires a valid value to be accessible. Provide a valid, navigable address as the href value. If you cannot provide a valid href, but still need the element to resemble a link, use a button and change it with appropriate styles. Learn more: https://github.com/jsx-eslint/eslint-plugin-jsx-a11y/blob/HEAD/docs/rules/anchor-is-valid.md  jsx-a11y/anchor-is-valid

src/landing_page/products/LeftSection.js
  Line 7:25:   img elements must have an alt prop, either with meaningful text, or an empty string for decorative images  jsx-a11y/alt-text
  Line 17:46:  img elements must have an alt prop, either with meaningful text, or an empty string for decorative images  jsx-a11y/alt-text
  Line 18:46:  img elements must have an alt prop, either with meaningful text, or an empty string for decorative images  jsx-a11y/alt-text

src/landing_page/products/ProductPage.js
  Line 7:8:  'Navbar' is defined but never used  no-unused-vars
  Line 8:8:  'Footer' is defined but never used  no-unused-vars

src/landing_page/products/RightSection.js
  Line 19:25:  img elements must have an alt prop, either with meaningful text, or an empty string for decorative images  jsx-a11y/alt-text

src/landing_page/support/SupportPage.js
  Line 5:8:  'Navbar' is defined but never used  no-unused-vars
  Line 6:8:  'Footer' is defined but never used  no-unused-vars

webpack compiled with 1 warning
