
> backend@1.0.0 start
> nodemon index.js

[33m[nodemon] 3.1.10[39m
[33m[nodemon] to restart at any time, enter `rs`[39m
[33m[nodemon] watching path(s): *.*[39m
[33m[nodemon] watching extensions: js,mjs,cjs,json[39m
[32m[nodemon] starting `node index.js`[39m
[dotenv@17.2.1] injecting env (2) from .env -- tip: ⚙️  specify custom .env file path with { path: '/custom/path/.env' }
Connecting to MongoDB Atlas...
Connecting to MongoDB Atlas...
(node:21217) [MONGODB DRIVER] Warning: useNewUrlParser is a deprecated option: useNewUrlParser has no effect since Node.js Driver version 4.0.0 and will be removed in the next major version
(Use `node --trace-warnings ...` to show where the warning was created)
(node:21217) [MONGODB DRIVER] Warning: useUnifiedTopology is a deprecated option: useUnifiedTopology has no effect since Node.js Driver version 4.0.0 and will be removed in the next major version
✅ MongoDB Atlas connected successfully
✅ MongoDB Atlas connected successfully
Test user ensured: Updated existing user
App started on port 3002!
Test user ensured: Updated existing user
New user registered: monty1@gmail.com at 2025-09-02T11:29:09.209Z
User logged in: monty1@gmail.com at 2025-09-02T11:29:25.579Z
[32m[nodemon] restarting due to changes...[39m
[32m[nodemon] starting `node index.js`[39m
[dotenv@17.2.1] injecting env (2) from .env -- tip: ⚙️  override existing env vars with { override: true }
Connecting to MongoDB Atlas...
Connecting to MongoDB Atlas...
(node:27770) [MONGODB DRIVER] Warning: useNewUrlParser is a deprecated option: useNewUrlParser has no effect since Node.js Driver version 4.0.0 and will be removed in the next major version
(Use `node --trace-warnings ...` to show where the warning was created)
(node:27770) [MONGODB DRIVER] Warning: useUnifiedTopology is a deprecated option: useUnifiedTopology has no effect since Node.js Driver version 4.0.0 and will be removed in the next major version
✅ MongoDB Atlas connected successfully
✅ MongoDB Atlas connected successfully
Test user ensured: Updated existing user
App started on port 3002!
Test user ensured: Updated existing user
New user registered: popy@gmail.com at 2025-09-02T12:39:34.387Z
User logged in: popy@gmail.com at 2025-09-02T12:39:49.895Z
[32m[nodemon] restarting due to changes...[39m
[32m[nodemon] starting `node index.js`[39m
[dotenv@17.2.1] injecting env (2) from .env -- tip: ⚙️  override existing env vars with { override: true }
Connecting to MongoDB Atlas...
Connecting to MongoDB Atlas...
(node:28028) [MONGODB DRIVER] Warning: useNewUrlParser is a deprecated option: useNewUrlParser has no effect since Node.js Driver version 4.0.0 and will be removed in the next major version
(Use `node --trace-warnings ...` to show where the warning was created)
(node:28028) [MONGODB DRIVER] Warning: useUnifiedTopology is a deprecated option: useUnifiedTopology has no effect since Node.js Driver version 4.0.0 and will be removed in the next major version
✅ MongoDB Atlas connected successfully
✅ MongoDB Atlas connected successfully
Test user ensured: Updated existing user
App started on port 3002!
Test user ensured: Updated existing user
User logged in: popy@gmail.com at 2025-09-02T12:45:13.520Z
User logged in: popy@gmail.com at 2025-09-02T12:47:10.455Z
[32m[nodemon] restarting due to changes...[39m
[32m[nodemon] starting `node index.js`[39m
[dotenv@17.2.1] injecting env (2) from .env -- tip: 🔐 encrypt with Dotenvx: https://dotenvx.com
Connecting to MongoDB Atlas...
Connecting to MongoDB Atlas...
(node:28211) [MONGODB DRIVER] Warning: useNewUrlParser is a deprecated option: useNewUrlParser has no effect since Node.js Driver version 4.0.0 and will be removed in the next major version
(Use `node --trace-warnings ...` to show where the warning was created)
(node:28211) [MONGODB DRIVER] Warning: useUnifiedTopology is a deprecated option: useUnifiedTopology has no effect since Node.js Driver version 4.0.0 and will be removed in the next major version
✅ MongoDB Atlas connected successfully
✅ MongoDB Atlas connected successfully
Test user ensured: Updated existing user
App started on port 3002!
Test user ensured: Updated existing user
[32m[nodemon] restarting due to changes...[39m
[32m[nodemon] starting `node index.js`[39m
[dotenv@17.2.1] injecting env (2) from .env -- tip: 🔐 prevent committing .env to code: https://dotenvx.com/precommit
Connecting to MongoDB Atlas...
Connecting to MongoDB Atlas...
(node:28455) [MONGODB DRIVER] Warning: useNewUrlParser is a deprecated option: useNewUrlParser has no effect since Node.js Driver version 4.0.0 and will be removed in the next major version
(Use `node --trace-warnings ...` to show where the warning was created)
(node:28455) [MONGODB DRIVER] Warning: useUnifiedTopology is a deprecated option: useUnifiedTopology has no effect since Node.js Driver version 4.0.0 and will be removed in the next major version
✅ MongoDB Atlas connected successfully
✅ MongoDB Atlas connected successfully
Test user ensured: Updated existing user
App started on port 3002!
Test user ensured: Updated existing user
User logged in: popy@gmail.com at 2025-09-02T13:10:18.547Z
User logged in: popy@gmail.com at 2025-09-02T13:44:15.899Z
New user registered: pla@gmail.com at 2025-09-02T17:11:20.163Z
[32m[nodemon] restarting due to changes...[39m
[32m[nodemon] starting `node index.js`[39m
[dotenv@17.2.1] injecting env (2) from .env -- tip: 🔐 encrypt with Dotenvx: https://dotenvx.com
Connecting to MongoDB Atlas...
Connecting to MongoDB Atlas...
(node:34073) [MONGODB DRIVER] Warning: useNewUrlParser is a deprecated option: useNewUrlParser has no effect since Node.js Driver version 4.0.0 and will be removed in the next major version
(Use `node --trace-warnings ...` to show where the warning was created)
(node:34073) [MONGODB DRIVER] Warning: useUnifiedTopology is a deprecated option: useUnifiedTopology has no effect since Node.js Driver version 4.0.0 and will be removed in the next major version
✅ MongoDB Atlas connected successfully
✅ MongoDB Atlas connected successfully
Test user ensured: Updated existing user
App started on port 3002!
Test user ensured: Updated existing user
[32m[nodemon] restarting due to changes...[39m
[32m[nodemon] starting `node index.js`[39m
[dotenv@17.2.1] injecting env (2) from .env -- tip: ⚙️  write to custom object with { processEnv: myObject }
Connecting to MongoDB Atlas...
Connecting to MongoDB Atlas...
(node:34348) [MONGODB DRIVER] Warning: useNewUrlParser is a deprecated option: useNewUrlParser has no effect since Node.js Driver version 4.0.0 and will be removed in the next major version
(Use `node --trace-warnings ...` to show where the warning was created)
(node:34348) [MONGODB DRIVER] Warning: useUnifiedTopology is a deprecated option: useUnifiedTopology has no effect since Node.js Driver version 4.0.0 and will be removed in the next major version
✅ MongoDB Atlas connected successfully
✅ MongoDB Atlas connected successfully
Test user ensured: Updated existing user
App started on port 3002!
Test user ensured: Updated existing user
[32m[nodemon] restarting due to changes...[39m
[32m[nodemon] starting `node index.js`[39m
[dotenv@17.2.1] injecting env (2) from .env -- tip: 🔐 prevent committing .env to code: https://dotenvx.com/precommit
Connecting to MongoDB Atlas...
Connecting to MongoDB Atlas...
(node:34403) [MONGODB DRIVER] Warning: useNewUrlParser is a deprecated option: useNewUrlParser has no effect since Node.js Driver version 4.0.0 and will be removed in the next major version
(Use `node --trace-warnings ...` to show where the warning was created)
(node:34403) [MONGODB DRIVER] Warning: useUnifiedTopology is a deprecated option: useUnifiedTopology has no effect since Node.js Driver version 4.0.0 and will be removed in the next major version
✅ MongoDB Atlas connected successfully
✅ MongoDB Atlas connected successfully
Test user ensured: Updated existing user
App started on port 3002!
Test user ensured: Updated existing user
[32m[nodemon] restarting due to changes...[39m
[32m[nodemon] starting `node index.js`[39m
[dotenv@17.2.1] injecting env (2) from .env -- tip: ⚙️  load multiple .env files with { path: ['.env.local', '.env'] }
Connecting to MongoDB Atlas...
Connecting to MongoDB Atlas...
(node:34447) [MONGODB DRIVER] Warning: useNewUrlParser is a deprecated option: useNewUrlParser has no effect since Node.js Driver version 4.0.0 and will be removed in the next major version
(Use `node --trace-warnings ...` to show where the warning was created)
(node:34447) [MONGODB DRIVER] Warning: useUnifiedTopology is a deprecated option: useUnifiedTopology has no effect since Node.js Driver version 4.0.0 and will be removed in the next major version
✅ MongoDB Atlas connected successfully
✅ MongoDB Atlas connected successfully
Test user ensured: Updated existing user
App started on port 3002!
Test user ensured: Updated existing user
[32m[nodemon] restarting due to changes...[39m
[32m[nodemon] starting `node index.js`[39m
[dotenv@17.2.1] injecting env (2) from .env -- tip: 📡 auto-backup env with Radar: https://dotenvx.com/radar
Connecting to MongoDB Atlas...
Connecting to MongoDB Atlas...
(node:34487) [MONGODB DRIVER] Warning: useNewUrlParser is a deprecated option: useNewUrlParser has no effect since Node.js Driver version 4.0.0 and will be removed in the next major version
(Use `node --trace-warnings ...` to show where the warning was created)
(node:34487) [MONGODB DRIVER] Warning: useUnifiedTopology is a deprecated option: useUnifiedTopology has no effect since Node.js Driver version 4.0.0 and will be removed in the next major version
✅ MongoDB Atlas connected successfully
✅ MongoDB Atlas connected successfully
Test user ensured: Updated existing user
App started on port 3002!
Test user ensured: Updated existing user
[32m[nodemon] restarting due to changes...[39m
[32m[nodemon] starting `node index.js`[39m
[dotenv@17.2.1] injecting env (2) from .env -- tip: ⚙️  suppress all logs with { quiet: true }
Connecting to MongoDB Atlas...
Connecting to MongoDB Atlas...
(node:34577) [MONGODB DRIVER] Warning: useNewUrlParser is a deprecated option: useNewUrlParser has no effect since Node.js Driver version 4.0.0 and will be removed in the next major version
(Use `node --trace-warnings ...` to show where the warning was created)
(node:34577) [MONGODB DRIVER] Warning: useUnifiedTopology is a deprecated option: useUnifiedTopology has no effect since Node.js Driver version 4.0.0 and will be removed in the next major version
✅ MongoDB Atlas connected successfully
✅ MongoDB Atlas connected successfully
Test user ensured: Updated existing user
App started on port 3002!
Test user ensured: Updated existing user
New user registered: popy1@gmail.com at 2025-09-03T08:14:24.585Z
[32m[nodemon] restarting due to changes...[39m
[32m[nodemon] starting `node index.js`[39m
[dotenv@17.2.1] injecting env (2) from .env -- tip: 🔐 prevent committing .env to code: https://dotenvx.com/precommit
Connecting to MongoDB Atlas...
Connecting to MongoDB Atlas...
(node:35433) [MONGODB DRIVER] Warning: useNewUrlParser is a deprecated option: useNewUrlParser has no effect since Node.js Driver version 4.0.0 and will be removed in the next major version
(Use `node --trace-warnings ...` to show where the warning was created)
(node:35433) [MONGODB DRIVER] Warning: useUnifiedTopology is a deprecated option: useUnifiedTopology has no effect since Node.js Driver version 4.0.0 and will be removed in the next major version
✅ MongoDB Atlas connected successfully
❌ MongoDB connection failed: Could not connect to any servers in your MongoDB Atlas cluster. One common reason is that you're trying to access the database from an IP that isn't whitelisted. Make sure your current IP address is on your Atlas cluster's IP whitelist: https://www.mongodb.com/docs/atlas/security-whitelist/
Please check your internet connection and MongoDB Atlas settings
[31m[nodemon] app crashed - waiting for file changes before starting...[39m
[32m[nodemon] restarting due to changes...[39m
[32m[nodemon] starting `node index.js`[39m
[dotenv@17.2.1] injecting env (2) from .env -- tip: ⚙️  suppress all logs with { quiet: true }
Connecting to MongoDB Atlas...
Connecting to MongoDB Atlas...
(node:48175) [MONGODB DRIVER] Warning: useNewUrlParser is a deprecated option: useNewUrlParser has no effect since Node.js Driver version 4.0.0 and will be removed in the next major version
(Use `node --trace-warnings ...` to show where the warning was created)
(node:48175) [MONGODB DRIVER] Warning: useUnifiedTopology is a deprecated option: useUnifiedTopology has no effect since Node.js Driver version 4.0.0 and will be removed in the next major version
✅ MongoDB Atlas connected successfully
✅ MongoDB Atlas connected successfully
Test user ensured: Updated existing user
App started on port 3002!
Test user ensured: Updated existing user
